<?xml version="1.0" encoding="UTF-8"?>
<robot generator="Robot 6.1.1 (Python 3.12.0 on win32)" generated="20231103 11:06:12.509" rpa="false" schemaversion="4">
<suite id="s1" name="Complete task" source="C:\Users\Admin\PycharmProjects\Android_automate\Test_case\Complete_task.robot">
<test id="s1-t1" name="Login" line="8">
<kw name="Open todoist Application" library="Variables">
<msg timestamp="20231103 11:06:12.739" level="TRACE">Arguments: [  ]</msg>
<kw name="Open Application" library="AppiumLibrary">
<arg>http://localhost:4723/wd/hub</arg>
<arg>platformName=Android</arg>
<arg>deviceName=RFCRC0FZ8PM</arg>
<arg>appPackage=com.todoist</arg>
<arg>appActivity=com.todoist.activity.HomeActivity</arg>
<arg>automationName=Uiautomator2</arg>
<doc>Opens a new application to given Appium server.
Capabilities of appium server, Android and iOS,
Please check https://github.com/appium/appium/blob/master/docs/en/writing-running-appium/server-args.md
| *Option*            | *Man.* | *Description*     |
| remote_url          | Yes    | Appium server url |
| alias               | no     | alias             |
| strict_ssl          | No     | allows you to send commands to an invalid certificate host like a self-signed one. |</doc>
<msg timestamp="20231103 11:06:12.740" level="TRACE">Arguments: [ 'http://localhost:4723/wd/hub' | platformName='Android' | deviceName='RFCRC0FZ8PM' | appPackage='com.todoist' | appActivity='com.todoist.activity.HomeActivity' | automationName='Uiautomator2' ]</msg>
<msg timestamp="20231103 11:06:12.740" level="DEBUG">POST http://localhost:4723/wd/hub/session {"capabilities": {"firstMatch": [{}], "alwaysMatch": {"platformName": "Android", "appium:deviceName": "RFCRC0FZ8PM", "appium:appPackage": "com.todoist", "appium:appActivity": "com.todoist.activity.HomeActivity", "appium:automationName": "Uiautomator2"}}}</msg>
<msg timestamp="20231103 11:06:12.778" level="DEBUG">Starting new HTTP connection (1): localhost:4723</msg>
<msg timestamp="20231103 11:06:23.338" level="DEBUG">http://localhost:4723 "POST /wd/hub/session HTTP/1.1" 200 0</msg>
<msg timestamp="20231103 11:06:23.339" level="DEBUG">Remote response: status=200 | data={"value":{"capabilities":{"platform":"LINUX","webStorageEnabled":false,"takesScreenshot":true,"javascriptEnabled":true,"databaseEnabled":false,"networkConnectionEnabled":true,"locationContextEnabled":false,"warnings":{},"desired":{"platformName":"Android","deviceName":"RFCRC0FZ8PM","appPackage":"com.todoist","appActivity":"com.todoist.activity.HomeActivity","automationName":"Uiautomator2"},"platformName":"Android","deviceName":"RFCRC0FZ8PM","appPackage":"com.todoist","appActivity":"com.todoist.activity.HomeActivity","automationName":"Uiautomator2","deviceUDID":"RFCRC0FZ8PM","deviceApiLevel":33,"platformVersion":"13","deviceScreenSize":"1080x2400","deviceScreenDensity":480,"deviceModel":"SM-G781B","deviceManufacturer":"samsung","pixelRatio":3,"statBarHeight":88,"viewportRect":{"left":0,"top":88,"width":1080,"height":2080}},"sessionId":"a413fabe-59de-488b-98cd-b34cf72fbadb"}} | headers=HTTPHeaderDict({'X-Powered-By': 'Express', 'Vary': 'X-HTTP-Method-Override', 'Content-Type': 'application/json; charset=utf-8', 'Content-Length': '886', 'ETag': 'W/"376-wmKb0eEM1UwfBoOYOfMquqzv/I4"', 'Date': 'Fri, 03 Nov 2023 03:06:23 GMT', 'Connection': 'keep-alive'})</msg>
<msg timestamp="20231103 11:06:23.339" level="DEBUG">Finished Request</msg>
<msg timestamp="20231103 11:06:23.342" level="DEBUG">Opened application with session id a413fabe-59de-488b-98cd-b34cf72fbadb</msg>
<msg timestamp="20231103 11:06:23.342" level="TRACE">Return: 1</msg>
<status status="PASS" starttime="20231103 11:06:12.740" endtime="20231103 11:06:23.342"/>
</kw>
<msg timestamp="20231103 11:06:23.342" level="TRACE">Return: None</msg>
<status status="PASS" starttime="20231103 11:06:12.739" endtime="20231103 11:06:23.342"/>
</kw>
<kw name="Wait Until Page Contains Element" library="AppiumLibrary">
<arg>${Login_button_google}</arg>
<arg>10s</arg>
<doc>Waits until element specified with `locator` appears on current page.</doc>
<msg timestamp="20231103 11:06:23.344" level="TRACE">Arguments: [ 'com.todoist:id/btn_google' | '10s' ]</msg>
<msg timestamp="20231103 11:06:23.344" level="DEBUG">POST http://localhost:4723/wd/hub/session/a413fabe-59de-488b-98cd-b34cf72fbadb/elements {"using": "id", "value": "com.todoist:id/btn_google"}</msg>
<msg timestamp="20231103 11:06:23.516" level="DEBUG">http://localhost:4723 "POST /wd/hub/session/a413fabe-59de-488b-98cd-b34cf72fbadb/elements HTTP/1.1" 200 0</msg>
<msg timestamp="20231103 11:06:23.517" level="DEBUG">Remote response: status=200 | data={"value":[{"element-6066-11e4-a52e-4f735466cecf":"00000000-0000-0466-ffff-ffff000000a9","ELEMENT":"00000000-0000-0466-ffff-ffff000000a9"}]} | headers=HTTPHeaderDict({'X-Powered-By': 'Express', 'Vary': 'X-HTTP-Method-Override', 'Content-Type': 'application/json; charset=utf-8', 'Content-Length': '139', 'ETag': 'W/"8b-gEgi5cp+GUinOoaMC4PXgBrcNcY"', 'Date': 'Fri, 03 Nov 2023 03:06:23 GMT', 'Connection': 'keep-alive'})</msg>
<msg timestamp="20231103 11:06:23.517" level="DEBUG">Finished Request</msg>
<msg timestamp="20231103 11:06:23.518" level="INFO">criteria is com.todoist:id/btn_google</msg>
<msg timestamp="20231103 11:06:23.518" level="TRACE">Return: None</msg>
<status status="PASS" starttime="20231103 11:06:23.343" endtime="20231103 11:06:23.518"/>
</kw>
<kw name="Click Element" library="AppiumLibrary">
<arg>${Login_button_google}</arg>
<doc>Click element identified by `locator`.</doc>
<msg timestamp="20231103 11:06:23.520" level="TRACE">Arguments: [ 'com.todoist:id/btn_google' ]</msg>
<msg timestamp="20231103 11:06:23.525" level="INFO">Clicking element 'com.todoist:id/btn_google'.</msg>
<msg timestamp="20231103 11:06:23.525" level="DEBUG">POST http://localhost:4723/wd/hub/session/a413fabe-59de-488b-98cd-b34cf72fbadb/elements {"using": "id", "value": "com.todoist:id/btn_google"}</msg>
<msg timestamp="20231103 11:06:23.570" level="DEBUG">http://localhost:4723 "POST /wd/hub/session/a413fabe-59de-488b-98cd-b34cf72fbadb/elements HTTP/1.1" 200 0</msg>
<msg timestamp="20231103 11:06:23.570" level="DEBUG">Remote response: status=200 | data={"value":[{"element-6066-11e4-a52e-4f735466cecf":"00000000-0000-0466-ffff-ffff000000a9","ELEMENT":"00000000-0000-0466-ffff-ffff000000a9"}]} | headers=HTTPHeaderDict({'X-Powered-By': 'Express', 'Vary': 'X-HTTP-Method-Override', 'Content-Type': 'application/json; charset=utf-8', 'Content-Length': '139', 'ETag': 'W/"8b-gEgi5cp+GUinOoaMC4PXgBrcNcY"', 'Date': 'Fri, 03 Nov 2023 03:06:23 GMT', 'Connection': 'keep-alive'})</msg>
<msg timestamp="20231103 11:06:23.570" level="DEBUG">Finished Request</msg>
<msg timestamp="20231103 11:06:23.571" level="DEBUG">POST http://localhost:4723/wd/hub/session/a413fabe-59de-488b-98cd-b34cf72fbadb/element/00000000-0000-0466-ffff-ffff000000a9/click {}</msg>
<msg timestamp="20231103 11:06:24.047" level="DEBUG">http://localhost:4723 "POST /wd/hub/session/a413fabe-59de-488b-98cd-b34cf72fbadb/element/00000000-0000-0466-ffff-ffff000000a9/click HTTP/1.1" 200 0</msg>
<msg timestamp="20231103 11:06:24.047" level="DEBUG">Remote response: status=200 | data={"value":null} | headers=HTTPHeaderDict({'X-Powered-By': 'Express', 'Vary': 'X-HTTP-Method-Override', 'Content-Type': 'application/json; charset=utf-8', 'Content-Length': '14', 'ETag': 'W/"e-9/1BuKMgFObM1mWJm+YjxtXJnUM"', 'Date': 'Fri, 03 Nov 2023 03:06:24 GMT', 'Connection': 'keep-alive'})</msg>
<msg timestamp="20231103 11:06:24.048" level="DEBUG">Finished Request</msg>
<msg timestamp="20231103 11:06:24.048" level="INFO">criteria is com.todoist:id/btn_google</msg>
<msg timestamp="20231103 11:06:24.048" level="TRACE">Return: None</msg>
<status status="PASS" starttime="20231103 11:06:23.519" endtime="20231103 11:06:24.048"/>
</kw>
<kw name="Wait Until Page Contains Element" library="AppiumLibrary">
<arg>${Login_google_popup}</arg>
<arg>10s</arg>
<doc>Waits until element specified with `locator` appears on current page.</doc>
<msg timestamp="20231103 11:06:24.049" level="TRACE">Arguments: [ 'com.google.android.gms:id/list' | '10s' ]</msg>
<msg timestamp="20231103 11:06:24.050" level="DEBUG">POST http://localhost:4723/wd/hub/session/a413fabe-59de-488b-98cd-b34cf72fbadb/elements {"using": "id", "value": "com.google.android.gms:id/list"}</msg>
<msg timestamp="20231103 11:06:24.074" level="DEBUG">http://localhost:4723 "POST /wd/hub/session/a413fabe-59de-488b-98cd-b34cf72fbadb/elements HTTP/1.1" 200 0</msg>
<msg timestamp="20231103 11:06:24.074" level="DEBUG">Remote response: status=200 | data={"value":[]} | headers=HTTPHeaderDict({'X-Powered-By': 'Express', 'Vary': 'X-HTTP-Method-Override', 'Content-Type': 'application/json; charset=utf-8', 'Content-Length': '12', 'ETag': 'W/"c-ct3goOI+b+kRZv2R9j2fTtMXwkk"', 'Date': 'Fri, 03 Nov 2023 03:06:24 GMT', 'Connection': 'keep-alive'})</msg>
<msg timestamp="20231103 11:06:24.074" level="DEBUG">Finished Request</msg>
<msg timestamp="20231103 11:06:24.275" level="DEBUG">POST http://localhost:4723/wd/hub/session/a413fabe-59de-488b-98cd-b34cf72fbadb/elements {"using": "id", "value": "com.google.android.gms:id/list"}</msg>
<msg timestamp="20231103 11:06:25.117" level="DEBUG">http://localhost:4723 "POST /wd/hub/session/a413fabe-59de-488b-98cd-b34cf72fbadb/elements HTTP/1.1" 200 0</msg>
<msg timestamp="20231103 11:06:25.117" level="DEBUG">Remote response: status=200 | data={"value":[{"element-6066-11e4-a52e-4f735466cecf":"00000000-0000-046c-ffff-ffff0000027c","ELEMENT":"00000000-0000-046c-ffff-ffff0000027c"}]} | headers=HTTPHeaderDict({'X-Powered-By': 'Express', 'Vary': 'X-HTTP-Method-Override', 'Content-Type': 'application/json; charset=utf-8', 'Content-Length': '139', 'ETag': 'W/"8b-DRtZCXTZ5UGHXNlKi+oSSo9dD5U"', 'Date': 'Fri, 03 Nov 2023 03:06:25 GMT', 'Connection': 'keep-alive'})</msg>
<msg timestamp="20231103 11:06:25.117" level="DEBUG">Finished Request</msg>
<msg timestamp="20231103 11:06:25.117" level="INFO">criteria is com.google.android.gms:id/list
criteria is com.google.android.gms:id/list</msg>
<msg timestamp="20231103 11:06:25.117" level="TRACE">Return: None</msg>
<status status="PASS" starttime="20231103 11:06:24.049" endtime="20231103 11:06:25.117"/>
</kw>
<kw name="Click Element" library="AppiumLibrary">
<arg>${Login_google_email_omg2}</arg>
<doc>Click element identified by `locator`.</doc>
<msg timestamp="20231103 11:06:25.118" level="TRACE">Arguments: [ 'xpath=//android.widget.TextView[@resource-id="com.google.android.gms:id/account_name" and @text="omg2another2@gmail.com"]' ]</msg>
<msg timestamp="20231103 11:06:25.119" level="INFO">Clicking element 'xpath=//android.widget.TextView[@resource-id="com.google.android.gms:id/account_name" and @text="omg2another2@gmail.com"]'.</msg>
<msg timestamp="20231103 11:06:25.119" level="DEBUG">POST http://localhost:4723/wd/hub/session/a413fabe-59de-488b-98cd-b34cf72fbadb/elements {"using": "xpath", "value": "//android.widget.TextView[@resource-id=\"com.google.android.gms:id/account_name\" and @text=\"omg2another2@gmail.com\"]"}</msg>
<msg timestamp="20231103 11:06:25.711" level="DEBUG">http://localhost:4723 "POST /wd/hub/session/a413fabe-59de-488b-98cd-b34cf72fbadb/elements HTTP/1.1" 200 0</msg>
<msg timestamp="20231103 11:06:25.711" level="DEBUG">Remote response: status=200 | data={"value":[{"element-6066-11e4-a52e-4f735466cecf":"00000000-0000-046c-ffff-ffff000002a8","ELEMENT":"00000000-0000-046c-ffff-ffff000002a8"}]} | headers=HTTPHeaderDict({'X-Powered-By': 'Express', 'Vary': 'X-HTTP-Method-Override', 'Content-Type': 'application/json; charset=utf-8', 'Content-Length': '139', 'ETag': 'W/"8b-9WOOyOTQZvD3yu+p9XfdIVYmWdI"', 'Date': 'Fri, 03 Nov 2023 03:06:25 GMT', 'Connection': 'keep-alive'})</msg>
<msg timestamp="20231103 11:06:25.712" level="DEBUG">Finished Request</msg>
<msg timestamp="20231103 11:06:25.712" level="DEBUG">POST http://localhost:4723/wd/hub/session/a413fabe-59de-488b-98cd-b34cf72fbadb/element/00000000-0000-046c-ffff-ffff000002a8/click {}</msg>
<msg timestamp="20231103 11:06:25.759" level="DEBUG">http://localhost:4723 "POST /wd/hub/session/a413fabe-59de-488b-98cd-b34cf72fbadb/element/00000000-0000-046c-ffff-ffff000002a8/click HTTP/1.1" 200 0</msg>
<msg timestamp="20231103 11:06:25.759" level="DEBUG">Remote response: status=200 | data={"value":null} | headers=HTTPHeaderDict({'X-Powered-By': 'Express', 'Vary': 'X-HTTP-Method-Override', 'Content-Type': 'application/json; charset=utf-8', 'Content-Length': '14', 'ETag': 'W/"e-9/1BuKMgFObM1mWJm+YjxtXJnUM"', 'Date': 'Fri, 03 Nov 2023 03:06:25 GMT', 'Connection': 'keep-alive'})</msg>
<msg timestamp="20231103 11:06:25.759" level="DEBUG">Finished Request</msg>
<msg timestamp="20231103 11:06:25.759" level="INFO">xpath criteria: //android.widget.TextView[@resource-id="com.google.android.gms:id/account_name" and @text="omg2another2@gmail.com"]</msg>
<msg timestamp="20231103 11:06:25.759" level="TRACE">Return: None</msg>
<status status="PASS" starttime="20231103 11:06:25.118" endtime="20231103 11:06:25.759"/>
</kw>
<kw name="Wait Until Page Contains Element" library="AppiumLibrary">
<arg>${Main_page}</arg>
<arg>20s</arg>
<doc>Waits until element specified with `locator` appears on current page.</doc>
<msg timestamp="20231103 11:06:25.760" level="TRACE">Arguments: [ 'com.todoist:id/bottom_app_bar' | '20s' ]</msg>
<msg timestamp="20231103 11:06:25.760" level="DEBUG">POST http://localhost:4723/wd/hub/session/a413fabe-59de-488b-98cd-b34cf72fbadb/elements {"using": "id", "value": "com.todoist:id/bottom_app_bar"}</msg>
<msg timestamp="20231103 11:06:25.814" level="DEBUG">http://localhost:4723 "POST /wd/hub/session/a413fabe-59de-488b-98cd-b34cf72fbadb/elements HTTP/1.1" 200 0</msg>
<msg timestamp="20231103 11:06:25.814" level="DEBUG">Remote response: status=200 | data={"value":[]} | headers=HTTPHeaderDict({'X-Powered-By': 'Express', 'Vary': 'X-HTTP-Method-Override', 'Content-Type': 'application/json; charset=utf-8', 'Content-Length': '12', 'ETag': 'W/"c-ct3goOI+b+kRZv2R9j2fTtMXwkk"', 'Date': 'Fri, 03 Nov 2023 03:06:25 GMT', 'Connection': 'keep-alive'})</msg>
<msg timestamp="20231103 11:06:25.814" level="DEBUG">Finished Request</msg>
<msg timestamp="20231103 11:06:26.015" level="DEBUG">POST http://localhost:4723/wd/hub/session/a413fabe-59de-488b-98cd-b34cf72fbadb/elements {"using": "id", "value": "com.todoist:id/bottom_app_bar"}</msg>
<msg timestamp="20231103 11:06:26.579" level="DEBUG">http://localhost:4723 "POST /wd/hub/session/a413fabe-59de-488b-98cd-b34cf72fbadb/elements HTTP/1.1" 200 0</msg>
<msg timestamp="20231103 11:06:26.579" level="DEBUG">Remote response: status=200 | data={"value":[]} | headers=HTTPHeaderDict({'X-Powered-By': 'Express', 'Vary': 'X-HTTP-Method-Override', 'Content-Type': 'application/json; charset=utf-8', 'Content-Length': '12', 'ETag': 'W/"c-ct3goOI+b+kRZv2R9j2fTtMXwkk"', 'Date': 'Fri, 03 Nov 2023 03:06:26 GMT', 'Connection': 'keep-alive'})</msg>
<msg timestamp="20231103 11:06:26.580" level="DEBUG">Finished Request</msg>
<msg timestamp="20231103 11:06:26.781" level="DEBUG">POST http://localhost:4723/wd/hub/session/a413fabe-59de-488b-98cd-b34cf72fbadb/elements {"using": "id", "value": "com.todoist:id/bottom_app_bar"}</msg>
<msg timestamp="20231103 11:06:26.821" level="DEBUG">http://localhost:4723 "POST /wd/hub/session/a413fabe-59de-488b-98cd-b34cf72fbadb/elements HTTP/1.1" 200 0</msg>
<msg timestamp="20231103 11:06:26.821" level="DEBUG">Remote response: status=200 | data={"value":[]} | headers=HTTPHeaderDict({'X-Powered-By': 'Express', 'Vary': 'X-HTTP-Method-Override', 'Content-Type': 'application/json; charset=utf-8', 'Content-Length': '12', 'ETag': 'W/"c-ct3goOI+b+kRZv2R9j2fTtMXwkk"', 'Date': 'Fri, 03 Nov 2023 03:06:26 GMT', 'Connection': 'keep-alive'})</msg>
<msg timestamp="20231103 11:06:26.821" level="DEBUG">Finished Request</msg>
<msg timestamp="20231103 11:06:27.022" level="DEBUG">POST http://localhost:4723/wd/hub/session/a413fabe-59de-488b-98cd-b34cf72fbadb/elements {"using": "id", "value": "com.todoist:id/bottom_app_bar"}</msg>
<msg timestamp="20231103 11:06:27.042" level="DEBUG">http://localhost:4723 "POST /wd/hub/session/a413fabe-59de-488b-98cd-b34cf72fbadb/elements HTTP/1.1" 200 0</msg>
<msg timestamp="20231103 11:06:27.042" level="DEBUG">Remote response: status=200 | data={"value":[]} | headers=HTTPHeaderDict({'X-Powered-By': 'Express', 'Vary': 'X-HTTP-Method-Override', 'Content-Type': 'application/json; charset=utf-8', 'Content-Length': '12', 'ETag': 'W/"c-ct3goOI+b+kRZv2R9j2fTtMXwkk"', 'Date': 'Fri, 03 Nov 2023 03:06:27 GMT', 'Connection': 'keep-alive'})</msg>
<msg timestamp="20231103 11:06:27.042" level="DEBUG">Finished Request</msg>
<msg timestamp="20231103 11:06:27.243" level="DEBUG">POST http://localhost:4723/wd/hub/session/a413fabe-59de-488b-98cd-b34cf72fbadb/elements {"using": "id", "value": "com.todoist:id/bottom_app_bar"}</msg>
<msg timestamp="20231103 11:06:27.264" level="DEBUG">http://localhost:4723 "POST /wd/hub/session/a413fabe-59de-488b-98cd-b34cf72fbadb/elements HTTP/1.1" 200 0</msg>
<msg timestamp="20231103 11:06:27.264" level="DEBUG">Remote response: status=200 | data={"value":[]} | headers=HTTPHeaderDict({'X-Powered-By': 'Express', 'Vary': 'X-HTTP-Method-Override', 'Content-Type': 'application/json; charset=utf-8', 'Content-Length': '12', 'ETag': 'W/"c-ct3goOI+b+kRZv2R9j2fTtMXwkk"', 'Date': 'Fri, 03 Nov 2023 03:06:27 GMT', 'Connection': 'keep-alive'})</msg>
<msg timestamp="20231103 11:06:27.264" level="DEBUG">Finished Request</msg>
<msg timestamp="20231103 11:06:27.465" level="DEBUG">POST http://localhost:4723/wd/hub/session/a413fabe-59de-488b-98cd-b34cf72fbadb/elements {"using": "id", "value": "com.todoist:id/bottom_app_bar"}</msg>
<msg timestamp="20231103 11:06:27.488" level="DEBUG">http://localhost:4723 "POST /wd/hub/session/a413fabe-59de-488b-98cd-b34cf72fbadb/elements HTTP/1.1" 200 0</msg>
<msg timestamp="20231103 11:06:27.488" level="DEBUG">Remote response: status=200 | data={"value":[]} | headers=HTTPHeaderDict({'X-Powered-By': 'Express', 'Vary': 'X-HTTP-Method-Override', 'Content-Type': 'application/json; charset=utf-8', 'Content-Length': '12', 'ETag': 'W/"c-ct3goOI+b+kRZv2R9j2fTtMXwkk"', 'Date': 'Fri, 03 Nov 2023 03:06:27 GMT', 'Connection': 'keep-alive'})</msg>
<msg timestamp="20231103 11:06:27.488" level="DEBUG">Finished Request</msg>
<msg timestamp="20231103 11:06:27.689" level="DEBUG">POST http://localhost:4723/wd/hub/session/a413fabe-59de-488b-98cd-b34cf72fbadb/elements {"using": "id", "value": "com.todoist:id/bottom_app_bar"}</msg>
<msg timestamp="20231103 11:06:27.720" level="DEBUG">http://localhost:4723 "POST /wd/hub/session/a413fabe-59de-488b-98cd-b34cf72fbadb/elements HTTP/1.1" 200 0</msg>
<msg timestamp="20231103 11:06:27.720" level="DEBUG">Remote response: status=200 | data={"value":[]} | headers=HTTPHeaderDict({'X-Powered-By': 'Express', 'Vary': 'X-HTTP-Method-Override', 'Content-Type': 'application/json; charset=utf-8', 'Content-Length': '12', 'ETag': 'W/"c-ct3goOI+b+kRZv2R9j2fTtMXwkk"', 'Date': 'Fri, 03 Nov 2023 03:06:27 GMT', 'Connection': 'keep-alive'})</msg>
<msg timestamp="20231103 11:06:27.720" level="DEBUG">Finished Request</msg>
<msg timestamp="20231103 11:06:27.921" level="DEBUG">POST http://localhost:4723/wd/hub/session/a413fabe-59de-488b-98cd-b34cf72fbadb/elements {"using": "id", "value": "com.todoist:id/bottom_app_bar"}</msg>
<msg timestamp="20231103 11:06:29.038" level="DEBUG">http://localhost:4723 "POST /wd/hub/session/a413fabe-59de-488b-98cd-b34cf72fbadb/elements HTTP/1.1" 200 0</msg>
<msg timestamp="20231103 11:06:29.038" level="DEBUG">Remote response: status=200 | data={"value":[{"element-6066-11e4-a52e-4f735466cecf":"00000000-0000-0465-ffff-ffff0000001f","ELEMENT":"00000000-0000-0465-ffff-ffff0000001f"}]} | headers=HTTPHeaderDict({'X-Powered-By': 'Express', 'Vary': 'X-HTTP-Method-Override', 'Content-Type': 'application/json; charset=utf-8', 'Content-Length': '139', 'ETag': 'W/"8b-JcyvEFJMq6niKILdJFTJcy5ufQM"', 'Date': 'Fri, 03 Nov 2023 03:06:29 GMT', 'Connection': 'keep-alive'})</msg>
<msg timestamp="20231103 11:06:29.038" level="DEBUG">Finished Request</msg>
<msg timestamp="20231103 11:06:29.039" level="INFO">criteria is com.todoist:id/bottom_app_bar
criteria is com.todoist:id/bottom_app_bar
criteria is com.todoist:id/bottom_app_bar
criteria is com.todoist:id/bottom_app_bar
criteria is com.todoist:id/bottom_app_bar
criteria is com.todoist:id/bottom_app_bar
criteria is com.todoist:id/bottom_app_bar
criteria is com.todoist:id/bottom_app_bar</msg>
<msg timestamp="20231103 11:06:29.039" level="TRACE">Return: None</msg>
<status status="PASS" starttime="20231103 11:06:25.760" endtime="20231103 11:06:29.039"/>
</kw>
<status status="PASS" starttime="20231103 11:06:12.739" endtime="20231103 11:06:29.040"/>
</test>
<test id="s1-t2" name="Complete_task" line="26">
<kw name="Wait Until Page Contains Element" library="AppiumLibrary">
<arg>${Create_task}</arg>
<arg>20s</arg>
<doc>Waits until element specified with `locator` appears on current page.</doc>
<msg timestamp="20231103 11:06:29.045" level="TRACE">Arguments: [ 'com.todoist:id/fab' | '20s' ]</msg>
<msg timestamp="20231103 11:06:29.045" level="DEBUG">POST http://localhost:4723/wd/hub/session/a413fabe-59de-488b-98cd-b34cf72fbadb/elements {"using": "id", "value": "com.todoist:id/fab"}</msg>
<msg timestamp="20231103 11:06:29.085" level="DEBUG">http://localhost:4723 "POST /wd/hub/session/a413fabe-59de-488b-98cd-b34cf72fbadb/elements HTTP/1.1" 200 0</msg>
<msg timestamp="20231103 11:06:29.085" level="DEBUG">Remote response: status=200 | data={"value":[]} | headers=HTTPHeaderDict({'X-Powered-By': 'Express', 'Vary': 'X-HTTP-Method-Override', 'Content-Type': 'application/json; charset=utf-8', 'Content-Length': '12', 'ETag': 'W/"c-ct3goOI+b+kRZv2R9j2fTtMXwkk"', 'Date': 'Fri, 03 Nov 2023 03:06:29 GMT', 'Connection': 'keep-alive'})</msg>
<msg timestamp="20231103 11:06:29.085" level="DEBUG">Finished Request</msg>
<msg timestamp="20231103 11:06:29.287" level="DEBUG">POST http://localhost:4723/wd/hub/session/a413fabe-59de-488b-98cd-b34cf72fbadb/elements {"using": "id", "value": "com.todoist:id/fab"}</msg>
<msg timestamp="20231103 11:06:29.338" level="DEBUG">http://localhost:4723 "POST /wd/hub/session/a413fabe-59de-488b-98cd-b34cf72fbadb/elements HTTP/1.1" 200 0</msg>
<msg timestamp="20231103 11:06:29.338" level="DEBUG">Remote response: status=200 | data={"value":[]} | headers=HTTPHeaderDict({'X-Powered-By': 'Express', 'Vary': 'X-HTTP-Method-Override', 'Content-Type': 'application/json; charset=utf-8', 'Content-Length': '12', 'ETag': 'W/"c-ct3goOI+b+kRZv2R9j2fTtMXwkk"', 'Date': 'Fri, 03 Nov 2023 03:06:29 GMT', 'Connection': 'keep-alive'})</msg>
<msg timestamp="20231103 11:06:29.338" level="DEBUG">Finished Request</msg>
<msg timestamp="20231103 11:06:29.539" level="DEBUG">POST http://localhost:4723/wd/hub/session/a413fabe-59de-488b-98cd-b34cf72fbadb/elements {"using": "id", "value": "com.todoist:id/fab"}</msg>
<msg timestamp="20231103 11:06:30.741" level="DEBUG">http://localhost:4723 "POST /wd/hub/session/a413fabe-59de-488b-98cd-b34cf72fbadb/elements HTTP/1.1" 200 0</msg>
<msg timestamp="20231103 11:06:30.741" level="DEBUG">Remote response: status=200 | data={"value":[{"element-6066-11e4-a52e-4f735466cecf":"00000000-0000-0465-ffff-ffff00000024","ELEMENT":"00000000-0000-0465-ffff-ffff00000024"}]} | headers=HTTPHeaderDict({'X-Powered-By': 'Express', 'Vary': 'X-HTTP-Method-Override', 'Content-Type': 'application/json; charset=utf-8', 'Content-Length': '139', 'ETag': 'W/"8b-4hC5onUVUeuko1Ys+npBbq8D4E4"', 'Date': 'Fri, 03 Nov 2023 03:06:30 GMT', 'Connection': 'keep-alive'})</msg>
<msg timestamp="20231103 11:06:30.742" level="DEBUG">Finished Request</msg>
<msg timestamp="20231103 11:06:30.742" level="INFO">criteria is com.todoist:id/fab
criteria is com.todoist:id/fab
criteria is com.todoist:id/fab</msg>
<msg timestamp="20231103 11:06:30.742" level="TRACE">Return: None</msg>
<status status="PASS" starttime="20231103 11:06:29.044" endtime="20231103 11:06:30.742"/>
</kw>
<kw name="Click Element" library="AppiumLibrary">
<arg>${Checkbox}</arg>
<doc>Click element identified by `locator`.</doc>
<msg timestamp="20231103 11:06:30.742" level="TRACE">Arguments: [ 'com.todoist:id/checkmark' ]</msg>
<msg timestamp="20231103 11:06:30.743" level="INFO">Clicking element 'com.todoist:id/checkmark'.</msg>
<msg timestamp="20231103 11:06:30.744" level="DEBUG">POST http://localhost:4723/wd/hub/session/a413fabe-59de-488b-98cd-b34cf72fbadb/elements {"using": "id", "value": "com.todoist:id/checkmark"}</msg>
<msg timestamp="20231103 11:06:30.830" level="DEBUG">http://localhost:4723 "POST /wd/hub/session/a413fabe-59de-488b-98cd-b34cf72fbadb/elements HTTP/1.1" 200 0</msg>
<msg timestamp="20231103 11:06:30.830" level="DEBUG">Remote response: status=200 | data={"value":[{"element-6066-11e4-a52e-4f735466cecf":"00000000-0000-0465-ffff-ffff00000130","ELEMENT":"00000000-0000-0465-ffff-ffff00000130"}]} | headers=HTTPHeaderDict({'X-Powered-By': 'Express', 'Vary': 'X-HTTP-Method-Override', 'Content-Type': 'application/json; charset=utf-8', 'Content-Length': '139', 'ETag': 'W/"8b-arhsHtEEeHLzy1lN1kg1rWxrtoc"', 'Date': 'Fri, 03 Nov 2023 03:06:30 GMT', 'Connection': 'keep-alive'})</msg>
<msg timestamp="20231103 11:06:30.830" level="DEBUG">Finished Request</msg>
<msg timestamp="20231103 11:06:30.830" level="DEBUG">POST http://localhost:4723/wd/hub/session/a413fabe-59de-488b-98cd-b34cf72fbadb/element/00000000-0000-0465-ffff-ffff00000130/click {}</msg>
<msg timestamp="20231103 11:06:31.815" level="DEBUG">http://localhost:4723 "POST /wd/hub/session/a413fabe-59de-488b-98cd-b34cf72fbadb/element/00000000-0000-0465-ffff-ffff00000130/click HTTP/1.1" 200 0</msg>
<msg timestamp="20231103 11:06:31.815" level="DEBUG">Remote response: status=200 | data={"value":null} | headers=HTTPHeaderDict({'X-Powered-By': 'Express', 'Vary': 'X-HTTP-Method-Override', 'Content-Type': 'application/json; charset=utf-8', 'Content-Length': '14', 'ETag': 'W/"e-9/1BuKMgFObM1mWJm+YjxtXJnUM"', 'Date': 'Fri, 03 Nov 2023 03:06:31 GMT', 'Connection': 'keep-alive'})</msg>
<msg timestamp="20231103 11:06:31.815" level="DEBUG">Finished Request</msg>
<msg timestamp="20231103 11:06:31.815" level="INFO">criteria is com.todoist:id/checkmark</msg>
<msg timestamp="20231103 11:06:31.815" level="TRACE">Return: None</msg>
<status status="PASS" starttime="20231103 11:06:30.742" endtime="20231103 11:06:31.815"/>
</kw>
<kw name="Wait Until Page Does Not Contain" library="AppiumLibrary">
<arg>swimming</arg>
<doc>Waits until `text` disappears from current page.</doc>
<msg timestamp="20231103 11:06:31.815" level="TRACE">Arguments: [ 'swimming' ]</msg>
<msg timestamp="20231103 11:06:31.816" level="DEBUG">GET http://localhost:4723/wd/hub/session/a413fabe-59de-488b-98cd-b34cf72fbadb/source {}</msg>
<msg timestamp="20231103 11:06:31.992" level="DEBUG">http://localhost:4723 "GET /wd/hub/session/a413fabe-59de-488b-98cd-b34cf72fbadb/source HTTP/1.1" 200 0</msg>
<msg timestamp="20231103 11:06:31.992" level="DEBUG">Remote response: status=200 | data={"sessionId":"a413fabe-59de-488b-98cd-b34cf72fbadb","value":"&lt;?xml version='1.0' encoding='UTF-8' standalone='yes' ?&gt;\r\n&lt;hierarchy index=\"0\" class=\"hierarchy\" rotation=\"0\" width=\"1080\" height=\"2168\"&gt;\r\n  &lt;android.widget.FrameLayout index=\"0\" package=\"com.todoist\" class=\"android.widget.FrameLayout\" text=\"\" checkable=\"false\" checked=\"false\" clickable=\"false\" enabled=\"true\" focusable=\"false\" focused=\"false\" long-clickable=\"false\" password=\"false\" scrollable=\"false\" selected=\"false\" bounds=\"[0,0][1080,2168]\" displayed=\"true\"&gt;\r\n    &lt;android.widget.LinearLayout index=\"0\" package=\"com.todoist\" class=\"android.widget.LinearLayout\" text=\"\" checkable=\"false\" checked=\"false\" clickable=\"false\" enabled=\"true\" focusable=\"false\" focused=\"false\" long-clickable=\"false\" password=\"false\" scrollable=\"false\" selected=\"false\" bounds=\"[0,0][1080,2168]\" displayed=\"true\"&gt;\r\n      &lt;android.widget.FrameLayout index=\"0\" package=\"com.todoist\" class=\"android.widget.FrameLayout\" text=\"\" checkable=\"false\" checked=\"false\" clickable=\"false\" enabled=\"true\" focusable=\"false\" focused=\"false\" long-clickable=\"false\" password=\"false\" scrollable=\"false\" selected=\"false\" bounds=\"[0,0][1080,2168]\" displayed=\"true\"&gt;\r\n        &lt;android.widget.FrameLayout index=\"0\" package=\"com.todoist\" class=\"android.widget.FrameLayout\" text=\"\" resource-id=\"com.todoist:id/action_bar_root\" checkable=\"false\" checked=\"false\" clickable=\"false\" enabled=\"true\" focusable=\"false\" focused=\"false\" long-clickable=\"false\" password=\"false\" scrollable=\"false\" selected=\"false\" bounds=\"[0,0][1080,2168]\" displayed=\"true\"&gt;\r\n          &lt;android.widget.FrameLayout index=\"0\" package=\"com.todoist\" class=\"android.widget.FrameLayout\" text=\"\" resource-id=\"android:id/content\" checkable=\"false\" checked=\"false\" clickable=\"false\" enabled=\"true\" focusable=\"false\" focused=\"false\" long-clickable=\"false\" password=\"false\" scrollable=\"false\" selected=\"false\" bounds=\"[0,0][1080,2168]\" displayed=\"true\"&gt;\r\n            &lt;android.view.ViewGroup index=\"0\" package=\"com.todoist\" class=\"android.view.ViewGroup\" text=\"\" checkable=\"false\" checked=\"false\" clickable=\"false\" enabled=\"true\" focusable=\"false\" focused=\"false\" long-clickable=\"false\" password=\"false\" scrollable=\"false\" selected=\"false\" bounds=\"[0,0][1080,2168]\" displayed=\"true\"&gt;\r\n              &lt;android.widget.FrameLayout index=\"1\" package=\"com.todoist\" class=\"android.widget.FrameLayout\" text=\"\" resource-id=\"com.todoist:id/content_fragment\" checkable=\"false\" checked=\"false\" clickable=\"false\" enabled=\"true\" focusable=\"false\" focused=\"false\" long-clickable=\"false\" password=\"false\" scrollable=\"false\" selected=\"false\" bounds=\"[0,0][1080,2168]\" displayed=\"true\"&gt;\r\n                &lt;android.widget.FrameLayout index=\"0\" package=\"com.todoist\" class=\"android.widget.FrameLayout\" text=\"\" checkable=\"false\" checked=\"false\" clickable=\"false\" enabled=\"true\" focusable=\"false\" focused=\"false\" long-clickable=\"false\" password=\"false\" scrollable=\"false\" selected=\"false\" bounds=\"[0,88][1080,2168]\" displayed=\"true\"&gt;\r\n                  &lt;android.view.ViewGroup index=\"0\" package=\"com.todoist\" class=\"android.view.ViewGroup\" text=\"\" resource-id=\"com.todoist:id/frame\" checkable=\"false\" checked=\"false\" clickable=\"false\" enabled=\"true\" focusable=\"false\" focused=\"false\" long-clickable=\"false\" password=\"false\" scrollable=\"false\" selected=\"false\" bounds=\"[0,88][1080,2168]\" displayed=\"true\"&gt;\r\n                    &lt;android.view.ViewGroup index=\"0\" package=\"com.todoist\" class=\"android.view.ViewGroup\" text=\"\" resource-id=\"com.todoist:id/content_swipe_refresh_layout\" checkable=\"false\" checked=\"false\" clickable=\"false\" enabled=\"true\" focusable=\"false\" focused=\"false\" long-clickable=\"false\" password=\"false\" scrollable=\"false\" selected=\"false\" bounds=\"[0,88][1080,2168]\" displayed=\"true\"&gt;\r\n                      &lt;android.widget.FrameLayout index=\"0\" package=\"com.todoist\" class=\"android.widget.FrameLayout\" text=\"\" checkable=\"false\" checked=\"false\" clickable=\"false\" enabled=\"true\" focusable=\"false\" focused=\"false\" long-clickable=\"false\" password=\"false\" scrollable=\"false\" selected=\"false\" bounds=\"[0,88][1080,2168]\" displayed=\"true\"&gt;\r\n                        &lt;android.widget.ScrollView index=\"0\" package=\"com.todoist\" class=\"android.widget.ScrollView\" text=\"\" resource-id=\"android:id/empty\" checkable=\"false\" checked=\"false\" clickable=\"false\" enabled=\"true\" focusable=\"true\" focused=\"false\" long-clickable=\"false\" password=\"false\" scrollable=\"false\" selected=\"false\" bounds=\"[0,256][1080,2088]\" displayed=\"true\"&gt;\r\n                          &lt;android.widget.FrameLayout index=\"0\" package=\"com.todoist\" class=\"android.widget.FrameLayout\" text=\"\" checkable=\"false\" checked=\"false\" clickable=\"false\" enabled=\"true\" focusable=\"false\" focused=\"false\" long-clickable=\"false\" password=\"false\" scrollable=\"false\" selected=\"false\" bounds=\"[0,256][1080,2088]\" displayed=\"true\"&gt;\r\n                            &lt;android.widget.LinearLayout index=\"0\" package=\"com.todoist\" class=\"android.widget.LinearLayout\" text=\"\" resource-id=\"com.todoist:id/empty_content\" checkable=\"false\" checked=\"false\" clickable=\"false\" enabled=\"true\" focusable=\"false\" focused=\"false\" long-clickable=\"false\" password=\"false\" scrollable=\"false\" selected=\"false\" bounds=\"[90,521][990,1823]\" displayed=\"true\"&gt;\r\n                              &lt;android.widget.FrameLayout index=\"0\" package=\"com.todoist\" class=\"android.widget.FrameLayout\" text=\"\" resource-id=\"com.todoist:id/empty_video\" checkable=\"false\" checked=\"false\" clickable=\"false\" enabled=\"true\" focusable=\"false\" focused=\"false\" long-clickable=\"false\" password=\"false\" scrollable=\"false\" selected=\"false\" bounds=\"[105,545][975,1415]\" displayed=\"true\"&gt;\r\n                                &lt;android.widget.FrameLayout index=\"0\" package=\"com.todoist\" class=\"android.widget.FrameLayout\" text=\"\" checkable=\"false\" checked=\"false\" clickable=\"false\" enabled=\"true\" focusable=\"false\" focused=\"false\" long-clickable=\"false\" password=\"false\" scrollable=\"false\" selected=\"false\" bounds=\"[105,545][975,1415]\" displayed=\"true\"&gt;\r\n                                  &lt;android.widget.ImageView index=\"0\" package=\"com.todoist\" class=\"android.widget.ImageView\" text=\"\" resource-id=\"com.todoist:id/placeholder\" checkable=\"false\" checked=\"false\" clickable=\"false\" enabled=\"true\" focusable=\"false\" focused=\"false\" long-clickable=\"false\" password=\"false\" scrollable=\"false\" selected=\"false\" bounds=\"[105,545][975,1415]\" displayed=\"true\" /&gt;\r\n                                  &lt;android.view.View index=\"1\" package=\"com.todoist\" class=\"android.view.View\" text=\"\" resource-id=\"com.todoist:id/video\" checkable=\"false\" checked=\"false\" clickable=\"false\" enabled=\"true\" focusable=\"false\" focused=\"false\" long-clickable=\"false\" password=\"false\" scrollable=\"false\" selected=\"false\" bounds=\"[105,545][975,1415]\" displayed=\"true\" /&gt;\r\n                                &lt;/android.widget.FrameLayout&gt;\r\n                              &lt;/android.widget.FrameLayout&gt;\r\n                              &lt;android.widget.TextView index=\"1\" package=\"com.todoist\" class=\"android.widget.TextView\" text=\"Enjoy your day, omg2\" resource-id=\"com.todoist:id/empty_title\" checkable=\"false\" checked=\"false\" clickable=\"false\" enabled=\"true\" focusable=\"false\" focused=\"false\" long-clickable=\"false\" password=\"false\" scrollable=\"false\" selected=\"false\" bounds=\"[306,1415][774,1480]\" displayed=\"true\" /&gt;\r\n                              &lt;android.widget.TextView index=\"2\" package=\"com.todoist\" class=\"android.widget.TextView\" text=\"Today you completed 2 tasks and reached #TodoistZero! Share your awesomeness ↓\" resource-id=\"com.todoist:id/empty_text\" checkable=\"false\" checked=\"false\" clickable=\"false\" enabled=\"true\" focusable=\"false\" focused=\"false\" long-clickable=\"false\" password=\"false\" scrollable=\"false\" selected=\"false\" bounds=\"[114,1504][966,1631]\" displayed=\"true\" /&gt;\r\n                              &lt;android.widget.Button index=\"3\" package=\"com.todoist\" class=\"android.widget.Button\" text=\"Share #TodoistZero\" resource-id=\"com.todoist:id/empty_action\" checkable=\"false\" checked=\"false\" clickable=\"true\" enabled=\"true\" focusable=\"true\" focused=\"false\" long-clickable=\"false\" password=\"false\" scrollable=\"false\" selected=\"false\" bounds=\"[323,1655][757,1799]\" displayed=\"true\" /&gt;\r\n                            &lt;/android.widget.LinearLayout&gt;\r\n                          &lt;/android.widget.FrameLayout&gt;\r\n                        &lt;/android.widget.ScrollView&gt;\r\n                      &lt;/android.widget.FrameLayout&gt;\r\n                    &lt;/android.view.ViewGroup&gt;\r\n                    &lt;android.widget.FrameLayout index=\"1\" package=\"com.todoist\" class=\"android.widget.FrameLayout\" text=\"\" checkable=\"false\" checked=\"false\" clickable=\"false\" enabled=\"true\" focusable=\"false\" focused=\"false\" long-clickable=\"false\" password=\"false\" scrollable=\"false\" selected=\"false\" bounds=\"[0,88][1080,2168]\" displayed=\"true\"&gt;\r\n                      &lt;android.widget.FrameLayout index=\"0\" package=\"com.todoist\" class=\"android.widget.FrameLayout\" text=\"\" resource-id=\"com.todoist:id/content_toolbar_container\" checkable=\"false\" checked=\"false\" clickable=\"false\" enabled=\"true\" focusable=\"false\" focused=\"false\" long-clickable=\"false\" password=\"false\" scrollable=\"false\" selected=\"false\" bounds=\"[0,88][1080,280]\" displayed=\"true\"&gt;\r\n                        &lt;android.widget.LinearLayout index=\"0\" package=\"com.todoist\" class=\"android.widget.LinearLayout\" text=\"\" resource-id=\"com.todoist:id/content_toolbar_wrapper\" checkable=\"false\" checked=\"false\" clickable=\"false\" enabled=\"true\" focusable=\"false\" focused=\"false\" long-clickable=\"false\" password=\"false\" scrollable=\"false\" selected=\"false\" bounds=\"[0,88][1080,280]\" displayed=\"true\"&gt;\r\n                          &lt;android.view.ViewGroup index=\"0\" package=\"com.todoist\" class=\"android.view.ViewGroup\" text=\"\" resource-id=\"com.todoist:id/toolbar\" checkable=\"false\" checked=\"false\" clickable=\"true\" enabled=\"true\" focusable=\"true\" focused=\"false\" long-clickable=\"false\" password=\"false\" scrollable=\"false\" selected=\"false\" bounds=\"[0,88][1080,280]\" displayed=\"true\"&gt;\r\n                            &lt;android.widget.TextView index=\"0\" package=\"com.todoist\" class=\"android.widget.TextView\" text=\"Today\" checkable=\"false\" checked=\"false\" clickable=\"false\" enabled=\"true\" focusable=\"false\" focused=\"false\" long-clickable=\"false\" password=\"false\" scrollable=\"false\" selected=\"false\" bounds=\"[48,143][211,224]\" displayed=\"true\" /&gt;\r\n                            &lt;androidx.appcompat.widget.LinearLayoutCompat index=\"1\" package=\"com.todoist\" class=\"androidx.appcompat.widget.LinearLayoutCompat\" text=\"\" checkable=\"false\" checked=\"false\" clickable=\"false\" enabled=\"true\" focusable=\"false\" focused=\"false\" long-clickable=\"false\" password=\"false\" scrollable=\"false\" selected=\"false\" bounds=\"[960,100][1080,268]\" displayed=\"true\"&gt;\r\n                              &lt;android.widget.ImageView index=\"0\" package=\"com.todoist\" class=\"android.widget.ImageView\" text=\"\" content-desc=\"More options\" checkable=\"false\" checked=\"false\" clickable=\"true\" enabled=\"true\" focusable=\"true\" focused=\"false\" long-clickable=\"true\" password=\"false\" scrollable=\"false\" selected=\"false\" bounds=\"[960,112][1080,256]\" displayed=\"true\" /&gt;\r\n                            &lt;/androidx.appcompat.widget.LinearLayoutCompat&gt;\r\n                          &lt;/android.view.ViewGroup&gt;\r\n                        &lt;/android.widget.LinearLayout&gt;\r\n                      &lt;/android.widget.FrameLayout&gt;\r\n                    &lt;/android.widget.FrameLayout&gt;\r\n                    &lt;androidx.compose.ui.platform.ComposeView index=\"2\" package=\"com.todoist\" class=\"androidx.compose.ui.platform.ComposeView\" text=\"\" resource-id=\"com.todoist:id/compose_snackbar\" checkable=\"false\" checked=\"false\" clickable=\"false\" enabled=\"true\" focusable=\"false\" focused=\"false\" long-clickable=\"false\" password=\"false\" scrollable=\"false\" selected=\"false\" bounds=\"[0,1764][1080,1980]\" displayed=\"true\"&gt;\r\n                      &lt;android.view.View index=\"0\" package=\"com.todoist\" class=\"android.view.View\" text=\"\" checkable=\"false\" checked=\"false\" clickable=\"false\" enabled=\"true\" focusable=\"false\" focused=\"false\" long-clickable=\"false\" password=\"false\" scrollable=\"false\" selected=\"false\" bounds=\"[0,1764][1080,1980]\" displayed=\"true\"&gt;\r\n                        &lt;android.view.View index=\"0\" package=\"com.todoist\" class=\"android.view.View\" text=\"\" checkable=\"false\" checked=\"false\" clickable=\"false\" enabled=\"true\" focusable=\"false\" focused=\"false\" long-clickable=\"false\" password=\"false\" scrollable=\"false\" selected=\"false\" bounds=\"[0,1764][1080,1980]\" displayed=\"true\"&gt;\r\n                          &lt;android.view.View index=\"0\" package=\"com.todoist\" class=\"android.view.View\" text=\"\" checkable=\"false\" checked=\"false\" clickable=\"false\" enabled=\"true\" focusable=\"false\" focused=\"false\" long-clickable=\"false\" password=\"false\" scrollable=\"false\" selected=\"false\" bounds=\"[36,1800][1044,1944]\" displayed=\"true\"&gt;\r\n                            &lt;android.widget.TextView index=\"0\" package=\"com.todoist\" class=\"android.widget.TextView\" text=\"Completed.\" checkable=\"false\" checked=\"false\" clickable=\"false\" enabled=\"true\" focusable=\"false\" focused=\"false\" long-clickable=\"false\" password=\"false\" scrollable=\"false\" selected=\"false\" bounds=\"[84,1843][308,1900]\" displayed=\"true\" /&gt;\r\n                            &lt;android.view.View index=\"1\" package=\"com.todoist\" class=\"android.view.View\" text=\"\" checkable=\"false\" checked=\"false\" clickable=\"true\" enabled=\"true\" focusable=\"true\" focused=\"false\" long-clickable=\"false\" password=\"false\" scrollable=\"false\" selected=\"false\" bounds=\"[828,1799][1020,1943]\" displayed=\"true\"&gt;\r\n                              &lt;android.widget.TextView index=\"0\" package=\"com.todoist\" class=\"android.widget.TextView\" text=\"UNDO\" checkable=\"false\" checked=\"false\" clickable=\"false\" enabled=\"true\" focusable=\"false\" focused=\"false\" long-clickable=\"false\" password=\"false\" scrollable=\"false\" selected=\"false\" bounds=\"[860,1843][989,1900]\" displayed=\"true\" /&gt;\r\n                              &lt;android.widget.Button index=\"1\" package=\"com.todoist\" class=\"android.widget.Button\" text=\"\" checkable=\"false\" checked=\"false\" clickable=\"false\" enabled=\"true\" focusable=\"false\" focused=\"false\" long-clickable=\"false\" password=\"false\" scrollable=\"false\" selected=\"false\" bounds=\"[828,1817][1020,1925]\" displayed=\"true\" /&gt;\r\n                            &lt;/android.view.View&gt;\r\n                          &lt;/android.view.View&gt;\r\n                        &lt;/android.view.View&gt;\r\n                      &lt;/android.view.View&gt;\r\n                    &lt;/androidx.compose.ui.platform.ComposeView&gt;\r\n                    &lt;android.widget.FrameLayout index=\"3\" package=\"com.todoist\" class=\"android.widget.FrameLayout\" text=\"\" checkable=\"false\" checked=\"false\" clickable=\"false\" enabled=\"true\" focusable=\"true\" focused=\"false\" long-clickable=\"false\" password=\"false\" scrollable=\"false\" selected=\"false\" bounds=\"[24,1743][1056,1956]\" displayed=\"true\"&gt;\r\n                      &lt;android.widget.LinearLayout index=\"0\" package=\"com.todoist\" class=\"android.widget.LinearLayout\" text=\"\" checkable=\"false\" checked=\"false\" clickable=\"false\" enabled=\"true\" focusable=\"false\" focused=\"false\" long-clickable=\"false\" password=\"false\" scrollable=\"false\" selected=\"false\" bounds=\"[48,1743][1032,1956]\" displayed=\"true\"&gt;\r\n                        &lt;android.widget.TextView index=\"0\" package=\"com.todoist\" class=\"android.widget.TextView\" text=\"Allow notifications to receive reminders, updates, and daily overviews.\" resource-id=\"com.todoist:id/snackbar_text\" checkable=\"false\" checked=\"false\" clickable=\"false\" enabled=\"true\" focusable=\"false\" focused=\"false\" long-clickable=\"false\" password=\"false\" scrollable=\"false\" selected=\"false\" bounds=\"[72,1743][829,1956]\" displayed=\"true\" /&gt;\r\n                        &lt;android.widget.Button index=\"1\" package=\"com.todoist\" class=\"android.widget.Button\" text=\"Allow\" resource-id=\"com.todoist:id/snackbar_action\" checkable=\"false\" checked=\"false\" clickable=\"true\" enabled=\"true\" focusable=\"true\" focused=\"false\" long-clickable=\"false\" password=\"false\" scrollable=\"false\" selected=\"false\" bounds=\"[853,1777][1032,1921]\" displayed=\"true\" /&gt;\r\n                      &lt;/android.widget.LinearLayout&gt;\r\n                    &lt;/android.widget.FrameLayout&gt;\r\n                    &lt;android.view.ViewGroup index=\"5\" package=\"com.todoist\" class=\"android.view.ViewGroup\" text=\"\" resource-id=\"com.todoist:id/bottom_app_bar\" checkable=\"false\" checked=\"false\" clickable=\"false\" enabled=\"true\" focusable=\"false\" focused=\"false\" long-clickable=\"false\" password=\"false\" scrollable=\"false\" selected=\"false\" bounds=\"[0,2064][1080,2168]\" displayed=\"true\"&gt;\r\n                      &lt;android.widget.ImageButton index=\"0\" package=\"com.todoist\" class=\"android.widget.ImageButton\" text=\"\" content-desc=\"Menu\" checkable=\"false\" checked=\"false\" clickable=\"true\" enabled=\"true\" focusable=\"true\" focused=\"false\" long-clickable=\"true\" password=\"false\" scrollable=\"false\" selected=\"false\" bounds=\"[0,2064][168,2168]\" displayed=\"true\" /&gt;\r\n                      &lt;androidx.appcompat.widget.LinearLayoutCompat index=\"1\" package=\"com.todoist\" class=\"androidx.appcompat.widget.LinearLayoutCompat\" text=\"\" checkable=\"false\" checked=\"false\" clickable=\"false\" enabled=\"true\" focusable=\"false\" focused=\"false\" long-clickable=\"false\" password=\"false\" scrollable=\"false\" selected=\"false\" bounds=\"[792,2064][1080,2168]\" displayed=\"true\"&gt;\r\n                        &lt;android.widget.Button index=\"0\" package=\"com.todoist\" class=\"android.widget.Button\" text=\"\" content-desc=\"Search\" resource-id=\"com.todoist:id/menu_content_search\" checkable=\"false\" checked=\"false\" clickable=\"true\" enabled=\"true\" focusable=\"true\" focused=\"false\" long-clickable=\"true\" password=\"false\" scrollable=\"false\" selected=\"false\" bounds=\"[792,2076][936,2168]\" displayed=\"true\" /&gt;\r\n                        &lt;android.widget.Button index=\"1\" package=\"com.todoist\" class=\"android.widget.Button\" text=\"\" content-desc=\"Notifications\" resource-id=\"com.todoist:id/menu_live_notifications\" checkable=\"false\" checked=\"false\" clickable=\"true\" enabled=\"true\" focusable=\"true\" focused=\"false\" long-clickable=\"true\" password=\"false\" scrollable=\"false\" selected=\"false\" bounds=\"[936,2076][1080,2168]\" displayed=\"true\" /&gt;\r\n                      &lt;/androidx.appcompat.widget.LinearLayoutCompat&gt;\r\n                    &lt;/android.view.ViewGroup&gt;\r\n                    &lt;android.widget.ImageButton index=\"6\" package=\"com.todoist\" class=\"android.widget.ImageButton\" text=\"\" content-desc=\"Quick add\" resource-id=\"com.todoist:id/fab\" checkable=\"false\" checked=\"false\" clickable=\"true\" enabled=\"true\" focusable=\"true\" focused=\"false\" long-clickable=\"false\" password=\"false\" scrollable=\"false\" selected=\"false\" bounds=\"[456,1980][624,2148]\" displayed=\"true\" /&gt;\r\n                  &lt;/android.view.ViewGroup&gt;\r\n                &lt;/android.widget.FrameLayout&gt;\r\n              &lt;/android.widget.FrameLayout&gt;\r\n            &lt;/android.view.ViewGroup&gt;\r\n          &lt;/android.widget.FrameLayout&gt;\r\n        &lt;/android.widget.FrameLayout&gt;\r\n      &lt;/android.widget.FrameLayout&gt;\r\n    &lt;/android.widget.LinearLayout&gt;\r\n  &lt;/android.widget.FrameLayout&gt;\r\n&lt;/hierarchy&gt;"} | headers=HTTPHeaderDict({'X-Powered-By': 'Express', 'Content-Type': 'application/json; charset=utf-8', 'Content-Length': '20746', 'ETag': 'W/"510a-0NKtgFDSKZs9vRcD6P5YtbExKE8"', 'Date': 'Fri, 03 Nov 2023 03:06:31 GMT', 'Connection': 'keep-alive'})</msg>
<msg timestamp="20231103 11:06:31.993" level="DEBUG">Finished Request</msg>
<msg timestamp="20231103 11:06:31.993" level="TRACE">Return: None</msg>
<status status="PASS" starttime="20231103 11:06:31.815" endtime="20231103 11:06:31.993"/>
</kw>
<status status="PASS" starttime="20231103 11:06:29.043" endtime="20231103 11:06:31.993"/>
</test>
<status status="PASS" starttime="20231103 11:06:12.510" endtime="20231103 11:06:31.994"/>
</suite>
<statistics>
<total>
<stat pass="2" fail="0" skip="0">All Tests</stat>
</total>
<tag>
</tag>
<suite>
<stat pass="2" fail="0" skip="0" id="s1" name="Complete task">Complete task</stat>
</suite>
</statistics>
<errors>
</errors>
</robot>
